{"numFailedTestSuites":0,"numFailedTests":0,"numPassedTestSuites":3,"numPassedTests":20,"numPendingTestSuites":0,"numPendingTests":0,"numRuntimeErrorTestSuites":0,"numTodoTests":0,"numTotalTestSuites":3,"numTotalTests":20,"openHandles":[],"snapshot":{"added":0,"didUpdate":false,"failure":false,"filesAdded":0,"filesRemoved":0,"filesRemovedList":[],"filesUnmatched":0,"filesUpdated":0,"matched":0,"total":0,"unchecked":0,"uncheckedKeysByFile":[],"unmatched":0,"updated":0},"startTime":1688294450866,"success":true,"testResults":[{"assertionResults":[{"ancestorTitles":["taskVideoDetailsWorker"],"duration":6,"failureDetails":[],"failureMessages":[],"fullName":"taskVideoDetailsWorker should handle missing video data correctly","invocations":1,"location":null,"numPassingAsserts":3,"retryReasons":[],"status":"passed","title":"should handle missing video data correctly"},{"ancestorTitles":["taskVideoDetailsWorker"],"duration":56,"failureDetails":[],"failureMessages":[],"fullName":"taskVideoDetailsWorker should handle isBroken video details data correctly","invocations":1,"location":null,"numPassingAsserts":3,"retryReasons":[],"status":"passed","title":"should handle isBroken video details data correctly"},{"ancestorTitles":["taskVideoDetailsWorker"],"duration":2,"failureDetails":[],"failureMessages":[],"fullName":"taskVideoDetailsWorker should handle draft video details with bad duration correctly","invocations":1,"location":null,"numPassingAsserts":3,"retryReasons":[],"status":"passed","title":"should handle draft video details with bad duration correctly"},{"ancestorTitles":["taskVideoDetailsWorker"],"duration":2,"failureDetails":[],"failureMessages":[],"fullName":"taskVideoDetailsWorker should handle recorded video details with bad fps correctly","invocations":1,"location":null,"numPassingAsserts":3,"retryReasons":[],"status":"passed","title":"should handle recorded video details with bad fps correctly"}],"endTime":1688294473962,"message":"","name":"/__w/applications.web.utilities.remote-data-platform/applications.web.utilities.remote-data-platform/src/server/src/queues/workers/taskVideoDetailsWorker.test.ts","startTime":1688294451598,"status":"passed","summary":""},{"assertionResults":[{"ancestorTitles":["Reopen Signing Task - status tests"],"duration":6,"failureDetails":[],"failureMessages":[],"fullName":"Reopen Signing Task - status tests should reopen an approved task","invocations":1,"location":null,"numPassingAsserts":2,"retryReasons":[],"status":"passed","title":"should reopen an approved task"},{"ancestorTitles":["Reopen Signing Task - status tests"],"duration":1,"failureDetails":[],"failureMessages":[],"fullName":"Reopen Signing Task - status tests should reopen a closed task","invocations":1,"location":null,"numPassingAsserts":2,"retryReasons":[],"status":"passed","title":"should reopen a closed task"},{"ancestorTitles":["Reopen Signing Task - status tests"],"duration":3,"failureDetails":[],"failureMessages":[],"fullName":"Reopen Signing Task - status tests should not reopen an active task","invocations":1,"location":null,"numPassingAsserts":3,"retryReasons":[],"status":"passed","title":"should not reopen an active task"},{"ancestorTitles":["Reopen Signing Task - status tests"],"duration":1,"failureDetails":[],"failureMessages":[],"fullName":"Reopen Signing Task - status tests should not reopen a done task","invocations":1,"location":null,"numPassingAsserts":3,"retryReasons":[],"status":"passed","title":"should not reopen a done task"},{"ancestorTitles":["Reopen Signing Task - status tests"],"duration":4,"failureDetails":[],"failureMessages":[],"fullName":"Reopen Signing Task - status tests should not reopen a draft task","invocations":1,"location":null,"numPassingAsserts":3,"retryReasons":[],"status":"passed","title":"should not reopen a draft task"},{"ancestorTitles":["Reopen Signing Task - status tests"],"duration":1,"failureDetails":[],"failureMessages":[],"fullName":"Reopen Signing Task - status tests should throw an exception when user is not found","invocations":1,"location":null,"numPassingAsserts":3,"retryReasons":[],"status":"passed","title":"should throw an exception when user is not found"}],"endTime":1688294475313,"message":"","name":"/__w/applications.web.utilities.remote-data-platform/applications.web.utilities.remote-data-platform/src/server/src/actions/signingTask/reopen.test.ts","startTime":1688294451617,"status":"passed","summary":""},{"assertionResults":[{"ancestorTitles":["actions - signingTask - complete"],"duration":14,"failureDetails":[],"failureMessages":[],"fullName":"actions - signingTask - complete should complete the Active task without issues with no items created","invocations":1,"location":null,"numPassingAsserts":2,"retryReasons":[],"status":"passed","title":"should complete the Active task without issues with no items created"},{"ancestorTitles":["actions - signingTask - complete"],"duration":2,"failureDetails":[],"failureMessages":[],"fullName":"actions - signingTask - complete should complete the Active task without issues with some Recorded videos created","invocations":1,"location":null,"numPassingAsserts":2,"retryReasons":[],"status":"passed","title":"should complete the Active task without issues with some Recorded videos created"},{"ancestorTitles":["actions - signingTask - complete"],"duration":2,"failureDetails":[],"failureMessages":[],"fullName":"actions - signingTask - complete should complete the task without issues with some Approved/Rejected videos created","invocations":1,"location":null,"numPassingAsserts":2,"retryReasons":[],"status":"passed","title":"should complete the task without issues with some Approved/Rejected videos created"},{"ancestorTitles":["actions - signingTask - complete"],"duration":3,"failureDetails":[],"failureMessages":[],"fullName":"actions - signingTask - complete should throw an exception if the task is not active","invocations":1,"location":null,"numPassingAsserts":3,"retryReasons":[],"status":"passed","title":"should throw an exception if the task is not active"},{"ancestorTitles":["actions - signingTask - complete"],"duration":2,"failureDetails":[],"failureMessages":[],"fullName":"actions - signingTask - complete should fail to complete an Active task when it has no videos","invocations":1,"location":null,"numPassingAsserts":3,"retryReasons":[],"status":"passed","title":"should fail to complete an Active task when it has no videos"},{"ancestorTitles":["actions - signingTask - complete"],"duration":2,"failureDetails":[],"failureMessages":[],"fullName":"actions - signingTask - complete should fail to complete when task has at least 1 broken videos","invocations":1,"location":null,"numPassingAsserts":3,"retryReasons":[],"status":"passed","title":"should fail to complete when task has at least 1 broken videos"},{"ancestorTitles":["actions - signingTask - complete"],"duration":1,"failureDetails":[],"failureMessages":[],"fullName":"actions - signingTask - complete should fail to complete when task has at least 1 draft videos","invocations":1,"location":null,"numPassingAsserts":3,"retryReasons":[],"status":"passed","title":"should fail to complete when task has at least 1 draft videos"},{"ancestorTitles":["actions - signingTask - complete"],"duration":4,"failureDetails":[],"failureMessages":[],"fullName":"actions - signingTask - complete should fail to complete when task has at least 1 video with no video info","invocations":1,"location":null,"numPassingAsserts":3,"retryReasons":[],"status":"passed","title":"should fail to complete when task has at least 1 video with no video info"},{"ancestorTitles":["actions - signingTask - complete"],"duration":2,"failureDetails":[],"failureMessages":[],"fullName":"actions - signingTask - complete should fail to complete when task has at least 1 video with no video FPS","invocations":1,"location":null,"numPassingAsserts":3,"retryReasons":[],"status":"passed","title":"should fail to complete when task has at least 1 video with no video FPS"},{"ancestorTitles":["actions - signingTask - complete"],"duration":1,"failureDetails":[],"failureMessages":[],"fullName":"actions - signingTask - complete should fail to complete when task has at least 1 video with no video duration","invocations":1,"location":null,"numPassingAsserts":3,"retryReasons":[],"status":"passed","title":"should fail to complete when task has at least 1 video with no video duration"}],"endTime":1688294476162,"message":"","name":"/__w/applications.web.utilities.remote-data-platform/applications.web.utilities.remote-data-platform/src/server/src/actions/signingTask/complete.test.ts","startTime":1688294451620,"status":"passed","summary":""}],"wasInterrupted":false}
